[2022-11-22 13:28:23 +0000] [1] [INFO] Starting gunicorn 20.1.0
[2022-11-22 13:28:23 +0000] [1] [INFO] Listening at: http://0.0.0.0:8000 (1)
[2022-11-22 13:28:23 +0000] [1] [INFO] Using worker: sync
[2022-11-22 13:28:23 +0000] [7] [INFO] Booting worker with pid: 7
[2022-11-22 13:28:24 +0000] [8] [INFO] Booting worker with pid: 8
[2022-11-22 13:28:24 +0000] [9] [INFO] Booting worker with pid: 9
[2022-11-22 13:28:24 +0000] [10] [INFO] Booting worker with pid: 10
[2022-11-22 13:28:24 +0000] [11] [INFO] Booting worker with pid: 11
[2022-11-22 13:28:24 +0000] [12] [INFO] Booting worker with pid: 12
[2022-11-22 13:28:24 +0000] [14] [INFO] Booting worker with pid: 14
[2022-11-22 13:28:24 +0000] [16] [INFO] Booting worker with pid: 16
[2022-11-22 13:28:24 +0000] [18] [INFO] Booting worker with pid: 18
[2022-11-22 13:28:24 +0000] [20] [INFO] Booting worker with pid: 20
[2022-11-22 13:28:24 +0000] [21] [INFO] Booting worker with pid: 21
[2022-11-22 13:28:24 +0000] [23] [INFO] Booting worker with pid: 23
[2022-11-22 13:28:24 +0000] [26] [INFO] Booting worker with pid: 26
[2022-11-22 13:28:24 +0000] [28] [INFO] Booting worker with pid: 28
[2022-11-22 13:28:24 +0000] [29] [INFO] Booting worker with pid: 29
[2022-11-22 13:28:24 +0000] [31] [INFO] Booting worker with pid: 31
[2022-11-22 13:28:24 +0000] [32] [INFO] Booting worker with pid: 32
[2022-11-22 13:33:18 +0000] [1] [INFO] Handling signal: term
[2022-11-22 13:33:18 +0000] [9] [INFO] Worker exiting (pid: 9)
[2022-11-22 13:33:18 +0000] [8] [INFO] Worker exiting (pid: 8)
[2022-11-22 13:33:18 +0000] [10] [INFO] Worker exiting (pid: 10)
[2022-11-22 13:33:18 +0000] [11] [INFO] Worker exiting (pid: 11)
[2022-11-22 13:33:18 +0000] [12] [INFO] Worker exiting (pid: 12)
[2022-11-22 13:33:18 +0000] [23] [INFO] Worker exiting (pid: 23)
[2022-11-22 13:33:18 +0000] [31] [INFO] Worker exiting (pid: 31)
[2022-11-22 13:33:18 +0000] [28] [INFO] Worker exiting (pid: 28)
[2022-11-22 13:33:18 +0000] [14] [INFO] Worker exiting (pid: 14)
[2022-11-22 13:33:18 +0000] [18] [INFO] Worker exiting (pid: 18)
[2022-11-22 13:33:18 +0000] [16] [INFO] Worker exiting (pid: 16)
[2022-11-22 13:33:18 +0000] [26] [INFO] Worker exiting (pid: 26)
[2022-11-22 13:33:18 +0000] [7] [INFO] Worker exiting (pid: 7)
[2022-11-22 13:33:18 +0000] [32] [INFO] Worker exiting (pid: 32)
[2022-11-22 13:33:18 +0000] [20] [INFO] Worker exiting (pid: 20)
[2022-11-22 13:33:18 +0000] [21] [INFO] Worker exiting (pid: 21)
[2022-11-22 13:33:18 +0000] [29] [INFO] Worker exiting (pid: 29)
[2022-11-22 13:33:19 +0000] [1] [INFO] Shutting down: Master
[2022-11-22 13:33:44 +0000] [1] [INFO] Starting gunicorn 20.1.0
[2022-11-22 13:33:44 +0000] [1] [INFO] Listening at: http://0.0.0.0:8000 (1)
[2022-11-22 13:33:44 +0000] [1] [INFO] Using worker: sync
[2022-11-22 13:33:44 +0000] [7] [INFO] Booting worker with pid: 7
[2022-11-22 13:33:44 +0000] [8] [INFO] Booting worker with pid: 8
[2022-11-22 13:33:44 +0000] [9] [INFO] Booting worker with pid: 9
[2022-11-22 13:33:44 +0000] [10] [INFO] Booting worker with pid: 10
[2022-11-22 13:33:44 +0000] [11] [INFO] Booting worker with pid: 11
[2022-11-22 13:33:44 +0000] [12] [INFO] Booting worker with pid: 12
[2022-11-22 13:33:44 +0000] [13] [INFO] Booting worker with pid: 13
[2022-11-22 13:33:44 +0000] [17] [INFO] Booting worker with pid: 17
[2022-11-22 13:33:44 +0000] [19] [INFO] Booting worker with pid: 19
[2022-11-22 13:33:44 +0000] [20] [INFO] Booting worker with pid: 20
[2022-11-22 13:33:44 +0000] [22] [INFO] Booting worker with pid: 22
[2022-11-22 13:33:44 +0000] [25] [INFO] Booting worker with pid: 25
[2022-11-22 13:33:44 +0000] [29] [INFO] Booting worker with pid: 29
[2022-11-22 13:33:45 +0000] [31] [INFO] Booting worker with pid: 31
[2022-11-22 13:33:45 +0000] [33] [INFO] Booting worker with pid: 33
[2022-11-22 13:33:45 +0000] [36] [INFO] Booting worker with pid: 36
[2022-11-22 13:33:45 +0000] [37] [INFO] Booting worker with pid: 37
[2022-11-28 10:00:21 +0000] [1] [INFO] Handling signal: term
[2022-11-28 10:00:22 +0000] [29] [INFO] Worker exiting (pid: 29)
[2022-11-28 10:00:22 +0000] [31] [INFO] Worker exiting (pid: 31)
[2022-11-28 10:00:22 +0000] [7] [INFO] Worker exiting (pid: 7)
[2022-11-28 10:00:22 +0000] [17] [INFO] Worker exiting (pid: 17)
[2022-11-28 10:00:22 +0000] [11] [INFO] Worker exiting (pid: 11)
[2022-11-28 10:00:22 +0000] [36] [INFO] Worker exiting (pid: 36)
[2022-11-28 10:00:22 +0000] [25] [INFO] Worker exiting (pid: 25)
[2022-11-28 10:00:22 +0000] [20] [INFO] Worker exiting (pid: 20)
[2022-11-28 10:00:22 +0000] [13] [INFO] Worker exiting (pid: 13)
[2022-11-28 10:00:22 +0000] [9] [INFO] Worker exiting (pid: 9)
[2022-11-28 10:00:22 +0000] [22] [INFO] Worker exiting (pid: 22)
[2022-11-28 10:00:22 +0000] [33] [INFO] Worker exiting (pid: 33)
[2022-11-28 10:00:22 +0000] [12] [INFO] Worker exiting (pid: 12)
[2022-11-28 10:00:22 +0000] [8] [INFO] Worker exiting (pid: 8)
[2022-11-28 10:00:22 +0000] [10] [INFO] Worker exiting (pid: 10)
[2022-11-28 10:00:22 +0000] [37] [INFO] Worker exiting (pid: 37)
[2022-11-28 10:00:22 +0000] [19] [INFO] Worker exiting (pid: 19)
